<?xml version="1.0"?>
<qcPlotExprResult>
 <info>
  <OS>unix</OS>
  <Rver>R version 2.11.1 (2010-05-31)</Rver>
  <date>2010-12-10 15:32:23</date>
  <call>
   <![CDATA[
   eval(quoted_code, env)   ]]>
  </call>
  <directory>/Volumes/Buster/library/structural/inst/test-data/struct-dag-inf2-plot-test</directory>
  <logFilename>test-log.xml</logFilename>
 </info>
 <plots type="png">
  <warnings/>
  <error/>
  <plot>test-1.png</plot>
  <plot>test-2.png</plot>
 </plots>
</qcPlotExprResult>
